GROUP,PACKAGE,CLASS,INSTRUCTION_MISSED,INSTRUCTION_COVERED,BRANCH_MISSED,BRANCH_COVERED,LINE_MISSED,LINE_COVERED,COMPLEXITY_MISSED,COMPLEXITY_COVERED,METHOD_MISSED,METHOD_COVERED
clientUi,com.mediscreen.clientUi.controller,RiskAssessmentController,0,81,0,0,0,20,0,3,0,3
clientUi,com.mediscreen.clientUi.controller,HomeController,0,12,0,0,0,4,0,3,0,3
clientUi,com.mediscreen.clientUi.controller,PatientController,0,410,0,12,0,96,0,17,0,11
clientUi,com.mediscreen.clientUi.controller,NoteController,37,541,0,8,6,118,0,12,0,8
clientUi,com.mediscreen.clientUi.config,FeignExceptionConfig,0,7,0,0,0,2,0,2,0,2
clientUi,com.mediscreen.clientUi.config,ValidationConfig,0,12,0,0,0,4,0,2,0,2
clientUi,com.mediscreen.clientUi,ClientUiApplication,5,3,0,0,2,1,1,1,1,1
